topic 0:
              school  	---	  0.0691
              county  	---	  0.0396
          university  	---	  0.0332
                high  	---	  0.0242
           education  	---	  0.0214
             college  	---	  0.0198
            national  	---	  0.0197
            students  	---	  0.0147
           president  	---	  0.0140
              public  	---	  0.0127
             schools  	---	  0.0124
            minister  	---	  0.0124
            election  	---	  0.0114
              states  	---	  0.0111
               state  	---	  0.0110
         association  	---	  0.0106
              united  	---	  0.0100
              member  	---	  0.0099
           community  	---	  0.0086
             elected  	---	  0.0085

topic 1:
                road  	---	  0.0353
               state  	---	  0.0346
              report  	---	  0.0298
               route  	---	  0.0273
                city  	---	  0.0179
              bridge  	---	  0.0134
            language  	---	  0.0112
               south  	---	  0.0112
           languages  	---	  0.0105
               texas  	---	  0.0103
          represents  	---	  0.0097
               dutch  	---	  0.0091
             highway  	---	  0.0088
                park  	---	  0.0077
                fire  	---	  0.0076
             history  	---	  0.0073
            mountain  	---	  0.0070
                west  	---	  0.0069
                 see  	---	  0.0069
                east  	---	  0.0068

topic 2:
               score  	---	  0.0891
                seed  	---	  0.0165
                 car  	---	  0.0142
                race  	---	  0.0131
               first  	---	  0.0108
               place  	---	  0.0099
               india  	---	  0.0098
                team  	---	  0.0097
                 san  	---	  0.0093
                year  	---	  0.0089
                open  	---	  0.0086
               class  	---	  0.0084
                 won  	---	  0.0083
               group  	---	  0.0079
               event  	---	  0.0078
               grand  	---	  0.0075
               final  	---	  0.0071
                 two  	---	  0.0070
                 win  	---	  0.0066
                held  	---	  0.0064

topic 3:
              series  	---	  0.0187
                show  	---	  0.0093
               first  	---	  0.0091
                best  	---	  0.0062
                like  	---	  0.0061
               story  	---	  0.0059
               david  	---	  0.0057
                time  	---	  0.0056
          characters  	---	  0.0055
           character  	---	  0.0055
                 man  	---	  0.0052
                 new  	---	  0.0050
               march  	---	  0.0049
               night  	---	  0.0047
                 two  	---	  0.0047
                 get  	---	  0.0047
                back  	---	  0.0045
           australia  	---	  0.0043
                life  	---	  0.0041
                cast  	---	  0.0040

topic 4:
                area  	---	  0.0171
             council  	---	  0.0167
          government  	---	  0.0158
                 art  	---	  0.0144
              center  	---	  0.0123
            building  	---	  0.0121
             located  	---	  0.0116
            province  	---	  0.0108
              museum  	---	  0.0107
              centre  	---	  0.0094
                main  	---	  0.0081
                open  	---	  0.0071
             history  	---	  0.0068
               built  	---	  0.0068
                time  	---	  0.0059
              modern  	---	  0.0057
             largest  	---	  0.0057
             culture  	---	  0.0054
               first  	---	  0.0053
               power  	---	  0.0051

topic 5:
                 son  	---	  0.0113
               first  	---	  0.0105
              london  	---	  0.0096
                died  	---	  0.0096
                king  	---	  0.0085
                 new  	---	  0.0084
                john  	---	  0.0082
               death  	---	  0.0081
                 war  	---	  0.0078
              father  	---	  0.0074
           september  	---	  0.0074
                news  	---	  0.0070
               union  	---	  0.0068
             william  	---	  0.0065
            daughter  	---	  0.0065
             married  	---	  0.0060
                life  	---	  0.0058
                wife  	---	  0.0055
             brother  	---	  0.0053
               henry  	---	  0.0053

topic 6:
                 war  	---	  0.0233
             species  	---	  0.0174
                ship  	---	  0.0164
                army  	---	  0.0157
                 air  	---	  0.0141
             british  	---	  0.0115
             general  	---	  0.0113
            regiment  	---	  0.0106
               world  	---	  0.0103
            military  	---	  0.0098
              united  	---	  0.0095
               force  	---	  0.0094
              battle  	---	  0.0085
             service  	---	  0.0082
              forces  	---	  0.0073
              states  	---	  0.0072
               genus  	---	  0.0069
                 two  	---	  0.0066
            division  	---	  0.0064
                july  	---	  0.0063

topic 7:
               south  	---	  0.0261
               black  	---	  0.0177
              family  	---	  0.0128
               white  	---	  0.0121
               found  	---	  0.0100
            historic  	---	  0.0096
             private  	---	  0.0089
          washington  	---	  0.0089
               built  	---	  0.0084
              africa  	---	  0.0082
            building  	---	  0.0078
            national  	---	  0.0073
              valley  	---	  0.0069
                 old  	---	  0.0067
               known  	---	  0.0059
               upper  	---	  0.0057
               color  	---	  0.0056
              closed  	---	  0.0052
               water  	---	  0.0052
             located  	---	  0.0050

topic 8:
            research  	---	  0.0139
              social  	---	  0.0104
              number  	---	  0.0100
       international  	---	  0.0094
                work  	---	  0.0086
               order  	---	  0.0079
             science  	---	  0.0070
             members  	---	  0.0069
         development  	---	  0.0064
                 law  	---	  0.0064
             reports  	---	  0.0062
            economic  	---	  0.0059
               image  	---	  0.0058
             journal  	---	  0.0057
               first  	---	  0.0055
           committee  	---	  0.0055
          university  	---	  0.0054
              theory  	---	  0.0053
                 two  	---	  0.0051
              person  	---	  0.0047

topic 9:
          population  	---	  0.0198
                 age  	---	  0.0102
                 two  	---	  0.0085
              people  	---	  0.0081
                 bar  	---	  0.0063
               large  	---	  0.0059
               small  	---	  0.0058
             average  	---	  0.0056
               water  	---	  0.0055
               known  	---	  0.0055
                form  	---	  0.0054
              income  	---	  0.0054
           different  	---	  0.0054
              living  	---	  0.0052
              design  	---	  0.0052
               years  	---	  0.0051
              number  	---	  0.0050
               first  	---	  0.0050
                 non  	---	  0.0049
                size  	---	  0.0049

topic 10:
               goals  	---	  0.0703
              league  	---	  0.0644
                club  	---	  0.0583
               clubs  	---	  0.0302
              county  	---	  0.0200
               years  	---	  0.0196
               south  	---	  0.0190
          attendance  	---	  0.0183
               round  	---	  0.0180
              poland  	---	  0.0164
              height  	---	  0.0159
          california  	---	  0.0138
                 los  	---	  0.0137
                west  	---	  0.0116
                east  	---	  0.0100
                 top  	---	  0.0089
                 bay  	---	  0.0085
             village  	---	  0.0082
              season  	---	  0.0079
               north  	---	  0.0076

topic 11:
                game  	---	  0.0264
                time  	---	  0.0126
               state  	---	  0.0117
               first  	---	  0.0098
                play  	---	  0.0090
               games  	---	  0.0081
                 new  	---	  0.0072
          conference  	---	  0.0068
                 big  	---	  0.0064
              points  	---	  0.0061
                 end  	---	  0.0061
                 two  	---	  0.0058
            movement  	---	  0.0057
          government  	---	  0.0056
               right  	---	  0.0056
            national  	---	  0.0052
                said  	---	  0.0050
               young  	---	  0.0048
                made  	---	  0.0048
              jewish  	---	  0.0046

topic 12:
             station  	---	  0.0192
               local  	---	  0.0164
             company  	---	  0.0147
                line  	---	  0.0144
                 new  	---	  0.0124
             railway  	---	  0.0113
            services  	---	  0.0111
            business  	---	  0.0101
              system  	---	  0.0092
             service  	---	  0.0091
             village  	---	  0.0090
              formed  	---	  0.0067
         information  	---	  0.0064
                bank  	---	  0.0055
                 day  	---	  0.0054
              opened  	---	  0.0052
                 end  	---	  0.0052
             systems  	---	  0.0049
               small  	---	  0.0049
               based  	---	  0.0048

topic 13:
                ship  	---	  0.0250
           political  	---	  0.0136
              island  	---	  0.0115
               party  	---	  0.0111
                 sea  	---	  0.0106
             january  	---	  0.0103
            accessed  	---	  0.0088
               notes  	---	  0.0084
           religious  	---	  0.0081
                 men  	---	  0.0077
             islands  	---	  0.0077
            december  	---	  0.0071
                july  	---	  0.0068
               march  	---	  0.0064
                 der  	---	  0.0062
                crew  	---	  0.0062
                 new  	---	  0.0055
          government  	---	  0.0055
            november  	---	  0.0054
             florida  	---	  0.0049

topic 14:
               north  	---	  0.0390
            district  	---	  0.0379
               river  	---	  0.0248
                east  	---	  0.0188
                west  	---	  0.0184
                lake  	---	  0.0163
                name  	---	  0.0148
              canada  	---	  0.0148
               china  	---	  0.0109
               known  	---	  0.0096
             central  	---	  0.0083
            canadian  	---	  0.0075
                just  	---	  0.0074
             chinese  	---	  0.0072
              police  	---	  0.0071
               mount  	---	  0.0069
              mexico  	---	  0.0067
                dead  	---	  0.0065
               japan  	---	  0.0059
              island  	---	  0.0058

topic 15:
               music  	---	  0.0278
                song  	---	  0.0251
            released  	---	  0.0220
                band  	---	  0.0159
              single  	---	  0.0140
               track  	---	  0.0121
               songs  	---	  0.0118
             records  	---	  0.0102
                love  	---	  0.0091
                rock  	---	  0.0087
          production  	---	  0.0084
           performed  	---	  0.0078
             version  	---	  0.0076
            recorded  	---	  0.0076
             release  	---	  0.0073
                live  	---	  0.0072
            produced  	---	  0.0070
               opera  	---	  0.0069
             written  	---	  0.0059
                time  	---	  0.0058

topic 16:
                city  	---	  0.0510
                 new  	---	  0.0351
                york  	---	  0.0264
                town  	---	  0.0260
              street  	---	  0.0239
                late  	---	  0.0196
            american  	---	  0.0195
                park  	---	  0.0176
                 two  	---	  0.0138
                 man  	---	  0.0104
                rail  	---	  0.0101
              avenue  	---	  0.0077
               frank  	---	  0.0066
               jerry  	---	  0.0064
                 tom  	---	  0.0062
                club  	---	  0.0059
                road  	---	  0.0057
             notable  	---	  0.0054
          passengers  	---	  0.0053
              jersey  	---	  0.0052

topic 17:
                team  	---	  0.0666
              season  	---	  0.0410
              played  	---	  0.0238
                 cup  	---	  0.0196
               first  	---	  0.0172
               years  	---	  0.0143
              career  	---	  0.0132
                 won  	---	  0.0125
               world  	---	  0.0122
           september  	---	  0.0116
               coach  	---	  0.0114
            division  	---	  0.0112
        professional  	---	  0.0099
               march  	---	  0.0088
               april  	---	  0.0087
              second  	---	  0.0085
                born  	---	  0.0085
              points  	---	  0.0082
              record  	---	  0.0080
             january  	---	  0.0075

topic 18:
                john  	---	  0.0216
                born  	---	  0.0163
              german  	---	  0.0106
                 new  	---	  0.0102
          university  	---	  0.0092
            festival  	---	  0.0087
                best  	---	  0.0085
            american  	---	  0.0084
            director  	---	  0.0081
               works  	---	  0.0075
              french  	---	  0.0075
             michael  	---	  0.0073
           published  	---	  0.0072
              martin  	---	  0.0067
             october  	---	  0.0066
               first  	---	  0.0062
                year  	---	  0.0060
                paul  	---	  0.0059
                work  	---	  0.0058
             richard  	---	  0.0057

topic 19:
              church  	---	  0.0350
               house  	---	  0.0275
             century  	---	  0.0144
               state  	---	  0.0125
              states  	---	  0.0113
              united  	---	  0.0107
              parish  	---	  0.0106
               court  	---	  0.0099
              office  	---	  0.0089
                hall  	---	  0.0083
            governor  	---	  0.0075
                 act  	---	  0.0075
                john  	---	  0.0071
             federal  	---	  0.0070
              thomas  	---	  0.0066
              senate  	---	  0.0065
               mayor  	---	  0.0063
                term  	---	  0.0062
             history  	---	  0.0059
                 new  	---	  0.0058

